2026-06-23 01:50:14 | main                     | INFO  | ========================================================
2026-06-23 01:50:14 | main                     | INFO  |   YSS 信号自动交易机器人
2026-06-23 01:50:14 | main                     | INFO  |   模式: 测试网（模拟）
2026-06-23 01:50:14 | main                     | INFO  |   杠杆: 5x
2026-06-23 01:50:14 | main                     | INFO  |   每笔风险: 2.0%
2026-06-23 01:50:14 | main                     | INFO  |   止损: 2.0%  止盈: 4.0%
2026-06-23 01:50:14 | main                     | INFO  | ========================================================
2026-06-23 01:50:14 | main                     | WARNING | [TEST MODE] regime_min_confirm_bars=1 (change to 2+ for live)
2026-06-23 01:50:14 | src.exchange             | WARNING | Binance 合约模拟模式已启用 —— 订单为模拟执行
2026-06-23 01:50:14 | src.position_monitor     | INFO  | 持仓监控器已启动（检查间隔30秒）
2026-06-23 01:50:16 | src.web_listener         | INFO  | YSS 登录成功
2026-06-23 01:50:16 | src.web_listener         | INFO  | 首次加载信号列表，保存到 signals.json ...
2026-06-23 01:50:16 | src.web_listener         | INFO  | 首次加载: 保存 19 条信号到 signals.json
2026-06-23 01:50:16 | src.web_listener         | INFO  | 初始化完成，已记录 19 个币种
2026-06-23 02:01:00 | src.web_listener         | INFO  | 检测到新报警: SIREN 第1次报警 入场价=0.042890
2026-06-23 02:01:00 | src.signal_handler       | INFO  | ========================================================
2026-06-23 02:01:00 | src.signal_handler       | INFO  | 【第1步跳过】收到信号: 币种=SIREN 类型=LONG 第1次报警 来源=yss-signal.com
2026-06-23 02:01:00 | src.signal_handler       | INFO  |   入场价: 0.042890
2026-06-23 02:01:00 | src.signal_handler       | INFO  | 【第2步】信号类型检查通过: LONG
2026-06-23 02:01:00 | src.exchange             | INFO  | 合约 SIRENUSDT 在 Binance 合约市场存在
2026-06-23 02:01:00 | src.signal_handler       | INFO  | 【第3步】自动映射 SIREN -> SIRENUSDT
2026-06-23 02:01:00 | src.signal_handler       | INFO  | 【第3步】映射 SIREN -> SIRENUSDT
2026-06-23 02:01:00 | src.exchange             | INFO  | 合约 SIRENUSDT 在 Binance 合约市场存在
2026-06-23 02:01:00 | src.signal_handler       | INFO  | 【第5步】合约存在检查通过
2026-06-23 02:01:01 | src.signal_handler       | INFO  | 【第6步】持仓检查通过（无持仓）
2026-06-23 02:01:01 | src.exchange             | INFO  | 合约账户 USDT 余额: 5130.16
2026-06-23 02:01:01 | src.signal_handler       | INFO  | 【第7步】账户余额: 5130.16 USDT
2026-06-23 02:01:01 | src.signal_handler       | INFO  | 【第8步A】开始市场状态分类（获取4hK线 + ADX + ATR比值）...
2026-06-23 02:01:01 | src.exchange             | INFO  | 正在从 Binance 合约加载市场数据 ...
2026-06-23 02:01:01 | src.exchange             | INFO  | 市场数据加载完成，共 715 个
2026-06-23 02:01:01 | src.exchange             | INFO  | 获取 SIRENUSDT K线成功: 周期=4h 条数=200
2026-06-23 02:01:01 | src.exchange             | INFO  | 获取 SIRENUSDT K线成功: 周期=1h 条数=300
2026-06-23 02:01:01 | src.exchange             | INFO  | 获取 SIRENUSDT K线成功: 周期=15m 条数=300
2026-06-23 02:01:01 | src.analyzer             | INFO  | [Regime Confirmed] SIRENUSDT 状态正式锁固切换为: TRENDING
2026-06-23 02:01:01 | src.analyzer             | INFO  | SIRENUSDT [完备评估]: 状态=TRENDING(HIGH) 维持周期=0 | 评级=poor | 建议仓位=30.0% | 波动止损=5.0%
2026-06-23 02:01:01 | src.signal_handler       | INFO  | 【第8步A】原始市场状态: TRENDING  强度=HIGH  ADX=33.44  ATR比值=0.36  EMA发散=51.68%
2026-06-23 02:01:01 | src.signal_handler       | INFO  | [REGIME UPDATE] SIRENUSDT TRENDING confirm=1/1（首次）
2026-06-23 02:01:01 | src.signal_handler       | INFO  | 【第8步A+】市场状态已稳定: TRENDING  强度=HIGH  confirm=1
2026-06-23 02:01:01 | src.signal_handler       | INFO  | 【第8步B】开始技术分析（获取K线 + 计算EMA/RSI/ATR）...
2026-06-23 02:01:01 | src.signal_handler       | INFO  | 【成交量过滤】SIRENUSDT vol=0.00 < 最低要求1.00（力度1個），跳过
2026-06-23 02:01:01 | src.web_listener         | INFO  | 检测到新报警: FOGO 第3次报警 入场价=0.013010
2026-06-23 02:01:01 | src.signal_handler       | INFO  | 【逐级加严】预警次数=3, 力度等级=1, 需confirm>=2, 成交量乘数=1.5
2026-06-23 02:01:01 | src.signal_handler       | INFO  | ========================================================
2026-06-23 02:01:01 | src.signal_handler       | INFO  | 【第1步跳过】收到信号: 币种=FOGO 类型=LONG 第3次报警 来源=yss-signal.com
2026-06-23 02:01:01 | src.signal_handler       | INFO  |   入场价: 0.013010
2026-06-23 02:01:01 | src.signal_handler       | INFO  | 【第2步】信号类型检查通过: LONG
2026-06-23 02:01:02 | src.exchange             | INFO  | 合约 FOGOUSDT 在 Binance 合约市场存在
2026-06-23 02:01:02 | src.signal_handler       | INFO  | 【第3步】自动映射 FOGO -> FOGOUSDT
2026-06-23 02:01:02 | src.signal_handler       | INFO  | 【第3步】映射 FOGO -> FOGOUSDT
2026-06-23 02:01:02 | src.exchange             | INFO  | 合约 FOGOUSDT 在 Binance 合约市场存在
2026-06-23 02:01:02 | src.signal_handler       | INFO  | 【第5步】合约存在检查通过
2026-06-23 02:01:02 | src.signal_handler       | INFO  | 【第6步】持仓检查通过（无持仓）
2026-06-23 02:01:02 | src.exchange             | INFO  | 合约账户 USDT 余额: 5130.16
2026-06-23 02:01:02 | src.signal_handler       | INFO  | 【第7步】账户余额: 5130.16 USDT
2026-06-23 02:01:02 | src.signal_handler       | INFO  | 【第8步A】开始市场状态分类（获取4hK线 + ADX + ATR比值）...
2026-06-23 02:01:02 | src.exchange             | INFO  | 获取 FOGOUSDT K线成功: 周期=4h 条数=200
2026-06-23 02:01:02 | src.exchange             | INFO  | 获取 FOGOUSDT K线成功: 周期=1h 条数=300
2026-06-23 02:01:02 | src.exchange             | INFO  | 获取 FOGOUSDT K线成功: 周期=15m 条数=300
2026-06-23 02:01:02 | src.analyzer             | INFO  | [Regime Confirmed] FOGOUSDT 状态正式锁固切换为: TRENDING
2026-06-23 02:01:02 | src.analyzer             | INFO  | FOGOUSDT [完备评估]: 状态=TRENDING(HIGH) 维持周期=0 | 评级=poor | 建议仓位=44.54% | 波动止损=3.3677%
2026-06-23 02:01:02 | src.signal_handler       | INFO  | 【第8步A】原始市场状态: TRENDING  强度=HIGH  ADX=22.21  ATR比值=0.78  EMA发散=0.63%
2026-06-23 02:01:02 | src.signal_handler       | INFO  | [REGIME UPDATE] FOGOUSDT TRENDING confirm=1/1（首次）
2026-06-23 02:01:02 | src.signal_handler       | INFO  | 【第8步A+】市场状态已稳定: TRENDING  强度=HIGH  confirm=1
2026-06-23 02:01:02 | src.signal_handler       | INFO  | 【第8步B】开始技术分析（获取K线 + 计算EMA/RSI/ATR）...
2026-06-23 02:01:02 | src.signal_handler       | INFO  | 【成交量过滤】FOGOUSDT vol=0.00 < 最低要求1.50（力度1個），跳过
2026-06-23 02:01:02 | src.web_listener         | INFO  | 检测到新报警: MEGA 第1次报警 入场价=0.058160
2026-06-23 02:01:02 | src.signal_handler       | INFO  | ========================================================
2026-06-23 02:01:02 | src.signal_handler       | INFO  | 【第1步跳过】收到信号: 币种=MEGA 类型=LONG 第1次报警 来源=yss-signal.com
2026-06-23 02:01:02 | src.signal_handler       | INFO  |   入场价: 0.058160
2026-06-23 02:01:02 | src.signal_handler       | INFO  | 【第2步】信号类型检查通过: LONG
2026-06-23 02:01:03 | src.exchange             | INFO  | 合约 MEGAUSDT 在 Binance 合约市场存在
2026-06-23 02:01:03 | src.signal_handler       | INFO  | 【第3步】自动映射 MEGA -> MEGAUSDT
2026-06-23 02:01:03 | src.signal_handler       | INFO  | 【第3步】映射 MEGA -> MEGAUSDT
2026-06-23 02:01:03 | src.exchange             | INFO  | 合约 MEGAUSDT 在 Binance 合约市场存在
2026-06-23 02:01:03 | src.signal_handler       | INFO  | 【第5步】合约存在检查通过
2026-06-23 02:01:03 | src.signal_handler       | INFO  | 【第6步】持仓检查通过（无持仓）
2026-06-23 02:01:03 | src.exchange             | INFO  | 合约账户 USDT 余额: 5130.15
2026-06-23 02:01:03 | src.signal_handler       | INFO  | 【第7步】账户余额: 5130.15 USDT
2026-06-23 02:01:03 | src.signal_handler       | INFO  | 【第8步A】开始市场状态分类（获取4hK线 + ADX + ATR比值）...
2026-06-23 02:01:03 | src.exchange             | INFO  | 获取 MEGAUSDT K线成功: 周期=4h 条数=200
2026-06-23 02:01:03 | src.exchange             | INFO  | 获取 MEGAUSDT K线成功: 周期=1h 条数=300
2026-06-23 02:01:03 | src.exchange             | INFO  | 获取 MEGAUSDT K线成功: 周期=15m 条数=300
2026-06-23 02:01:03 | src.analyzer             | INFO  | MEGAUSDT [完备评估]: 状态=RANGING(MID) 维持周期=0 | 评级=poor | 建议仓位=21.0% | 波动止损=5.0%
2026-06-23 02:01:03 | src.signal_handler       | INFO  | 【第8步A】原始市场状态: RANGING  强度=MID  ADX=12.12  ATR比值=1.2  EMA发散=0.39%
2026-06-23 02:01:03 | src.signal_handler       | INFO  | [REGIME UPDATE] MEGAUSDT RANGING confirm=1/1（首次）
2026-06-23 02:01:03 | src.signal_handler       | INFO  | 【第8步A+】市场状态已稳定: RANGING  强度=MID  confirm=1
2026-06-23 02:01:03 | src.signal_handler       | INFO  | 【第8步B】开始技术分析（获取K线 + 计算EMA/RSI/ATR）...
2026-06-23 02:01:03 | src.signal_handler       | INFO  | 【成交量过滤】MEGAUSDT vol=0.00 < 最低要求1.00（力度1個），跳过
2026-06-23 02:01:03 | src.web_listener         | INFO  | 检测到新报警: MYX 第2次报警 入场价=0.112600
2026-06-23 02:01:03 | src.signal_handler       | INFO  | 【逐级加严】预警次数=2, 力度等级=1, 需confirm>=2, 成交量乘数=1.5
2026-06-23 02:01:03 | src.signal_handler       | INFO  | ========================================================
2026-06-23 02:01:03 | src.signal_handler       | INFO  | 【第1步跳过】收到信号: 币种=MYX 类型=LONG 第2次报警 来源=yss-signal.com
2026-06-23 02:01:03 | src.signal_handler       | INFO  |   入场价: 0.112600
2026-06-23 02:01:03 | src.signal_handler       | INFO  | 【第2步】信号类型检查通过: LONG
2026-06-23 02:01:04 | src.exchange             | INFO  | 合约 MYXUSDT 在 Binance 合约市场存在
2026-06-23 02:01:04 | src.signal_handler       | INFO  | 【第3步】自动映射 MYX -> MYXUSDT
2026-06-23 02:01:04 | src.signal_handler       | INFO  | 【第3步】映射 MYX -> MYXUSDT
2026-06-23 02:01:04 | src.exchange             | INFO  | 合约 MYXUSDT 在 Binance 合约市场存在
2026-06-23 02:01:04 | src.signal_handler       | INFO  | 【第5步】合约存在检查通过
2026-06-23 02:01:04 | src.signal_handler       | INFO  | 【第6步】持仓检查通过（无持仓）
2026-06-23 02:01:04 | src.exchange             | INFO  | 合约账户 USDT 余额: 5130.19
2026-06-23 02:01:04 | src.signal_handler       | INFO  | 【第7步】账户余额: 5130.19 USDT
2026-06-23 02:01:04 | src.signal_handler       | INFO  | 【第8步A】开始市场状态分类（获取4hK线 + ADX + ATR比值）...
2026-06-23 02:01:04 | src.exchange             | INFO  | 获取 MYXUSDT K线成功: 周期=4h 条数=200
2026-06-23 02:01:04 | src.exchange             | INFO  | 获取 MYXUSDT K线成功: 周期=1h 条数=300
2026-06-23 02:01:04 | src.exchange             | INFO  | 获取 MYXUSDT K线成功: 周期=15m 条数=300
2026-06-23 02:01:04 | src.analyzer             | INFO  | [Regime Confirmed] MYXUSDT 状态正式锁固切换为: TRENDING
2026-06-23 02:01:04 | src.analyzer             | INFO  | MYXUSDT [完备评估]: 状态=TRENDING(HIGH) 维持周期=0 | 评级=poor | 建议仓位=30.0% | 波动止损=5.0%
2026-06-23 02:01:04 | src.signal_handler       | INFO  | 【第8步A】原始市场状态: TRENDING  强度=HIGH  ADX=24.92  ATR比值=0.64  EMA发散=16.56%
2026-06-23 02:01:04 | src.signal_handler       | INFO  | [REGIME UPDATE] MYXUSDT TRENDING confirm=1/1（首次）
2026-06-23 02:01:04 | src.signal_handler       | INFO  | 【第8步A+】市场状态已稳定: TRENDING  强度=HIGH  confirm=1
2026-06-23 02:01:04 | src.signal_handler       | INFO  | 【第8步B】开始技术分析（获取K线 + 计算EMA/RSI/ATR）...
2026-06-23 02:01:04 | src.signal_handler       | INFO  | 【成交量过滤】MYXUSDT vol=0.00 < 最低要求1.50（力度1個），跳过
2026-06-23 02:01:04 | src.web_listener         | INFO  | 检测到新报警: MELANIA 第1次报警 入场价=0.081290
2026-06-23 02:01:04 | src.signal_handler       | INFO  | ========================================================
2026-06-23 02:01:04 | src.signal_handler       | INFO  | 【第1步跳过】收到信号: 币种=MELANIA 类型=LONG 第1次报警 来源=yss-signal.com
2026-06-23 02:01:04 | src.signal_handler       | INFO  |   入场价: 0.081290
2026-06-23 02:01:04 | src.signal_handler       | INFO  | 【第2步】信号类型检查通过: LONG
2026-06-23 02:01:05 | src.exchange             | INFO  | 合约 MELANIAUSDT 在 Binance 合约市场存在
2026-06-23 02:01:05 | src.signal_handler       | INFO  | 【第3步】自动映射 MELANIA -> MELANIAUSDT
2026-06-23 02:01:05 | src.signal_handler       | INFO  | 【第3步】映射 MELANIA -> MELANIAUSDT
2026-06-23 02:01:05 | src.exchange             | INFO  | 合约 MELANIAUSDT 在 Binance 合约市场存在
2026-06-23 02:01:05 | src.signal_handler       | INFO  | 【第5步】合约存在检查通过
2026-06-23 02:01:05 | src.signal_handler       | INFO  | 【第6步】持仓检查通过（无持仓）
2026-06-23 02:01:05 | src.exchange             | INFO  | 合约账户 USDT 余额: 5130.19
2026-06-23 02:01:05 | src.signal_handler       | INFO  | 【第7步】账户余额: 5130.19 USDT
2026-06-23 02:01:05 | src.signal_handler       | INFO  | 【第8步A】开始市场状态分类（获取4hK线 + ADX + ATR比值）...
2026-06-23 02:01:05 | src.exchange             | INFO  | 获取 MELANIAUSDT K线成功: 周期=4h 条数=200
2026-06-23 02:01:05 | src.exchange             | INFO  | 获取 MELANIAUSDT K线成功: 周期=1h 条数=300
2026-06-23 02:01:05 | src.exchange             | INFO  | 获取 MELANIAUSDT K线成功: 周期=15m 条数=300
2026-06-23 02:01:05 | src.analyzer             | INFO  | [Regime Confirmed] MELANIAUSDT 状态正式锁固切换为: TRENDING
2026-06-23 02:01:05 | src.analyzer             | INFO  | MELANIAUSDT [完备评估]: 状态=TRENDING(HIGH) 维持周期=0 | 评级=poor | 建议仓位=44.87% | 波动止损=3.3427%
2026-06-23 02:01:05 | src.signal_handler       | INFO  | 【第8步A】原始市场状态: TRENDING  强度=HIGH  ADX=13.31  ATR比值=0.68  EMA发散=0.58%
2026-06-23 02:01:05 | src.signal_handler       | INFO  | [REGIME UPDATE] MELANIAUSDT TRENDING confirm=1/1（首次）
2026-06-23 02:01:05 | src.signal_handler       | INFO  | 【第8步A+】市场状态已稳定: TRENDING  强度=HIGH  confirm=1
2026-06-23 02:01:05 | src.signal_handler       | INFO  | 【第8步B】开始技术分析（获取K线 + 计算EMA/RSI/ATR）...
2026-06-23 02:01:05 | src.signal_handler       | INFO  | 【成交量过滤】MELANIAUSDT vol=0.00 < 最低要求1.00（力度1個），跳过
2026-06-23 02:01:05 | src.web_listener         | INFO  | 检测到新报警: STABLE 第1次报警 入场价=0.036100
2026-06-23 02:01:05 | src.signal_handler       | INFO  | ========================================================
2026-06-23 02:01:05 | src.signal_handler       | INFO  | 【第1步跳过】收到信号: 币种=STABLE 类型=LONG 第1次报警 来源=yss-signal.com
2026-06-23 02:01:05 | src.signal_handler       | INFO  |   入场价: 0.036100
2026-06-23 02:01:05 | src.signal_handler       | INFO  | 【第2步】信号类型检查通过: LONG
2026-06-23 02:01:06 | src.exchange             | INFO  | 合约 STABLEUSDT 在 Binance 合约市场存在
2026-06-23 02:01:06 | src.signal_handler       | INFO  | 【第3步】自动映射 STABLE -> STABLEUSDT
2026-06-23 02:01:06 | src.signal_handler       | INFO  | 【第3步】映射 STABLE -> STABLEUSDT
2026-06-23 02:01:06 | src.exchange             | INFO  | 合约 STABLEUSDT 在 Binance 合约市场存在
2026-06-23 02:01:06 | src.signal_handler       | INFO  | 【第5步】合约存在检查通过
2026-06-23 02:01:06 | src.signal_handler       | INFO  | 【第6步】持仓检查通过（无持仓）
2026-06-23 02:01:06 | src.exchange             | INFO  | 合约账户 USDT 余额: 5130.61
2026-06-23 02:01:06 | src.signal_handler       | INFO  | 【第7步】账户余额: 5130.61 USDT
2026-06-23 02:01:06 | src.signal_handler       | INFO  | 【第8步A】开始市场状态分类（获取4hK线 + ADX + ATR比值）...
2026-06-23 02:01:06 | src.exchange             | INFO  | 获取 STABLEUSDT K线成功: 周期=4h 条数=200
2026-06-23 02:01:06 | src.exchange             | INFO  | 获取 STABLEUSDT K线成功: 周期=1h 条数=300
2026-06-23 02:01:06 | src.exchange             | INFO  | 获取 STABLEUSDT K线成功: 周期=15m 条数=300
2026-06-23 02:01:06 | src.analyzer             | INFO  | [Regime Confirmed] STABLEUSDT 状态正式锁固切换为: TRENDING
2026-06-23 02:01:06 | src.analyzer             | INFO  | STABLEUSDT [完备评估]: 状态=TRENDING(HIGH) 维持周期=0 | 评级=poor | 建议仓位=39.53% | 波动止损=3.7941%
2026-06-23 02:01:06 | src.signal_handler       | INFO  | 【第8步A】原始市场状态: TRENDING  强度=HIGH  ADX=30.01  ATR比值=0.84  EMA发散=0.09%
2026-06-23 02:01:06 | src.signal_handler       | INFO  | [REGIME UPDATE] STABLEUSDT TRENDING confirm=1/1（首次）
2026-06-23 02:01:06 | src.signal_handler       | INFO  | 【第8步A+】市场状态已稳定: TRENDING  强度=HIGH  confirm=1
2026-06-23 02:01:06 | src.signal_handler       | INFO  | 【第8步B】开始技术分析（获取K线 + 计算EMA/RSI/ATR）...
2026-06-23 02:01:06 | src.signal_handler       | INFO  | 【成交量过滤】STABLEUSDT vol=0.00 < 最低要求1.00（力度1個），跳过
2026-06-23 02:16:00 | src.web_listener         | INFO  | 检测到新报警: STG 第2次报警 入场价=0.216500
2026-06-23 02:16:00 | src.signal_handler       | INFO  | 【逐级加严】预警次数=2, 力度等级=1, 需confirm>=2, 成交量乘数=1.5
2026-06-23 02:16:00 | src.signal_handler       | INFO  | ========================================================
2026-06-23 02:16:00 | src.signal_handler       | INFO  | 【第1步跳过】收到信号: 币种=STG 类型=LONG 第2次报警 来源=yss-signal.com
2026-06-23 02:16:00 | src.signal_handler       | INFO  |   入场价: 0.216500
2026-06-23 02:16:00 | src.signal_handler       | INFO  | 【第2步】信号类型检查通过: LONG
2026-06-23 02:16:00 | src.exchange             | INFO  | 合约 STGUSDT 在 Binance 合约市场存在
2026-06-23 02:16:00 | src.signal_handler       | INFO  | 【第3步】自动映射 STG -> STGUSDT
2026-06-23 02:16:00 | src.signal_handler       | INFO  | 【第3步】映射 STG -> STGUSDT
2026-06-23 02:16:00 | src.exchange             | INFO  | 合约 STGUSDT 在 Binance 合约市场存在
2026-06-23 02:16:00 | src.signal_handler       | INFO  | 【第5步】合约存在检查通过
2026-06-23 02:16:00 | src.signal_handler       | INFO  | 【第6步】持仓检查通过（无持仓）
2026-06-23 02:16:01 | src.exchange             | INFO  | 合约账户 USDT 余额: 5128.20
2026-06-23 02:16:01 | src.signal_handler       | INFO  | 【第7步】账户余额: 5128.20 USDT
2026-06-23 02:16:01 | src.signal_handler       | INFO  | 【第8步A】开始市场状态分类（获取4hK线 + ADX + ATR比值）...
2026-06-23 02:16:01 | src.exchange             | INFO  | 获取 STGUSDT K线成功: 周期=4h 条数=200
2026-06-23 02:16:01 | src.exchange             | INFO  | 获取 STGUSDT K线成功: 周期=1h 条数=300
2026-06-23 02:16:01 | src.exchange             | INFO  | 获取 STGUSDT K线成功: 周期=15m 条数=300
2026-06-23 02:16:01 | src.analyzer             | INFO  | [Regime Confirmed] STGUSDT 状态正式锁固切换为: TRENDING
2026-06-23 02:16:01 | src.analyzer             | INFO  | STGUSDT [完备评估]: 状态=TRENDING(HIGH) 维持周期=0 | 评级=poor | 建议仓位=30.0% | 波动止损=5.0%
2026-06-23 02:16:01 | src.signal_handler       | INFO  | 【第8步A】原始市场状态: TRENDING  强度=HIGH  ADX=16.9  ATR比值=0.6  EMA发散=11.28%
2026-06-23 02:16:01 | src.signal_handler       | INFO  | [REGIME UPDATE] STGUSDT TRENDING confirm=1/1（首次）
2026-06-23 02:16:01 | src.signal_handler       | INFO  | 【第8步A+】市场状态已稳定: TRENDING  强度=HIGH  confirm=1
2026-06-23 02:16:01 | src.signal_handler       | INFO  | 【第8步B】开始技术分析（获取K线 + 计算EMA/RSI/ATR）...
2026-06-23 02:16:01 | src.signal_handler       | INFO  | 【成交量过滤】STGUSDT vol=0.00 < 最低要求1.50（力度1個），跳过
2026-06-23 02:16:01 | src.web_listener         | INFO  | 检测到新报警: MELANIA 第2次报警 入场价=0.081290
2026-06-23 02:16:01 | src.signal_handler       | INFO  | 【逐级加严】预警次数=2, 力度等级=1, 需confirm>=2, 成交量乘数=1.5
2026-06-23 02:16:01 | src.signal_handler       | INFO  | ========================================================
2026-06-23 02:16:01 | src.signal_handler       | INFO  | 【第1步跳过】收到信号: 币种=MELANIA 类型=LONG 第2次报警 来源=yss-signal.com
2026-06-23 02:16:01 | src.signal_handler       | INFO  |   入场价: 0.081290
2026-06-23 02:16:01 | src.signal_handler       | INFO  | 【第2步】信号类型检查通过: LONG
2026-06-23 02:16:01 | src.exchange             | INFO  | 合约 MELANIAUSDT 在 Binance 合约市场存在
2026-06-23 02:16:01 | src.signal_handler       | INFO  | 【第3步】自动映射 MELANIA -> MELANIAUSDT
2026-06-23 02:16:01 | src.signal_handler       | INFO  | 【第3步】映射 MELANIA -> MELANIAUSDT
2026-06-23 02:16:01 | src.exchange             | INFO  | 合约 MELANIAUSDT 在 Binance 合约市场存在
2026-06-23 02:16:01 | src.signal_handler       | INFO  | 【第5步】合约存在检查通过
2026-06-23 02:16:01 | src.signal_handler       | INFO  | 【第6步】持仓检查通过（无持仓）
2026-06-23 02:16:02 | src.exchange             | INFO  | 合约账户 USDT 余额: 5128.20
2026-06-23 02:16:02 | src.signal_handler       | INFO  | 【第7步】账户余额: 5128.20 USDT
2026-06-23 02:16:02 | src.signal_handler       | INFO  | 【第8步A】开始市场状态分类（获取4hK线 + ADX + ATR比值）...
2026-06-23 02:16:02 | src.exchange             | INFO  | 获取 MELANIAUSDT K线成功: 周期=4h 条数=200
2026-06-23 02:16:02 | src.exchange             | INFO  | 获取 MELANIAUSDT K线成功: 周期=1h 条数=300
2026-06-23 02:16:02 | src.exchange             | INFO  | 获取 MELANIAUSDT K线成功: 周期=15m 条数=300
2026-06-23 02:16:02 | src.analyzer             | INFO  | MELANIAUSDT [完备评估]: 状态=TRENDING(HIGH) 维持周期=0 | 评级=poor | 建议仓位=44.4% | 波动止损=3.378%
2026-06-23 02:16:02 | src.signal_handler       | INFO  | 【第8步A】原始市场状态: TRENDING  强度=HIGH  ADX=13.48  ATR比值=0.69  EMA发散=0.57%
2026-06-23 02:16:02 | src.signal_handler       | INFO  | [REGIME UPDATE] MELANIAUSDT TRENDING confirm=2（已稳定）
2026-06-23 02:16:02 | src.signal_handler       | INFO  | 【第8步A+】市场状态已稳定: TRENDING  强度=HIGH  confirm=2
2026-06-23 02:16:02 | src.signal_handler       | INFO  | 【第8步B】开始技术分析（获取K线 + 计算EMA/RSI/ATR）...
2026-06-23 02:16:02 | src.signal_handler       | INFO  | 【成交量过滤】MELANIAUSDT vol=0.00 < 最低要求1.50（力度1個），跳过
2026-06-23 02:16:02 | src.web_listener         | INFO  | 检测到新报警: SIREN 第2次报警 入场价=0.042890
2026-06-23 02:16:02 | src.signal_handler       | INFO  | 【逐级加严】预警次数=2, 力度等级=1, 需confirm>=2, 成交量乘数=1.5
2026-06-23 02:16:02 | src.signal_handler       | INFO  | ========================================================
2026-06-23 02:16:02 | src.signal_handler       | INFO  | 【第1步跳过】收到信号: 币种=SIREN 类型=LONG 第2次报警 来源=yss-signal.com
2026-06-23 02:16:02 | src.signal_handler       | INFO  |   入场价: 0.042890
2026-06-23 02:16:02 | src.signal_handler       | INFO  | 【第2步】信号类型检查通过: LONG
2026-06-23 02:16:02 | src.exchange             | INFO  | 合约 SIRENUSDT 在 Binance 合约市场存在
2026-06-23 02:16:02 | src.signal_handler       | INFO  | 【第3步】自动映射 SIREN -> SIRENUSDT
2026-06-23 02:16:02 | src.signal_handler       | INFO  | 【第3步】映射 SIREN -> SIRENUSDT
2026-06-23 02:16:02 | src.exchange             | INFO  | 合约 SIRENUSDT 在 Binance 合约市场存在
2026-06-23 02:16:02 | src.signal_handler       | INFO  | 【第5步】合约存在检查通过
2026-06-23 02:16:02 | src.signal_handler       | INFO  | 【第6步】持仓检查通过（无持仓）
2026-06-23 02:16:03 | src.exchange             | INFO  | 合约账户 USDT 余额: 5128.20
2026-06-23 02:16:03 | src.signal_handler       | INFO  | 【第7步】账户余额: 5128.20 USDT
2026-06-23 02:16:03 | src.signal_handler       | INFO  | 【第8步A】开始市场状态分类（获取4hK线 + ADX + ATR比值）...
2026-06-23 02:16:03 | src.exchange             | INFO  | 获取 SIRENUSDT K线成功: 周期=4h 条数=200
2026-06-23 02:16:03 | src.exchange             | INFO  | 获取 SIRENUSDT K线成功: 周期=1h 条数=300
2026-06-23 02:16:03 | src.exchange             | INFO  | 获取 SIRENUSDT K线成功: 周期=15m 条数=300
2026-06-23 02:16:03 | src.analyzer             | INFO  | SIRENUSDT [完备评估]: 状态=TRENDING(HIGH) 维持周期=0 | 评级=poor | 建议仓位=30.0% | 波动止损=5.0%
2026-06-23 02:16:03 | src.signal_handler       | INFO  | 【第8步A】原始市场状态: TRENDING  强度=HIGH  ADX=33.44  ATR比值=0.36  EMA发散=51.66%
2026-06-23 02:16:03 | src.signal_handler       | INFO  | [REGIME UPDATE] SIRENUSDT TRENDING confirm=2（已稳定）
2026-06-23 02:16:03 | src.signal_handler       | INFO  | 【第8步A+】市场状态已稳定: TRENDING  强度=HIGH  confirm=2
2026-06-23 02:16:03 | src.signal_handler       | INFO  | 【第8步B】开始技术分析（获取K线 + 计算EMA/RSI/ATR）...
2026-06-23 02:16:03 | src.signal_handler       | INFO  | 【成交量过滤】SIRENUSDT vol=0.00 < 最低要求1.50（力度1個），跳过
2026-06-23 02:16:03 | src.web_listener         | INFO  | 检测到新报警: APE 第1次报警 入场价=0.141300
2026-06-23 02:16:03 | src.signal_handler       | INFO  | ========================================================
2026-06-23 02:16:03 | src.signal_handler       | INFO  | 【第1步跳过】收到信号: 币种=APE 类型=LONG 第1次报警 来源=yss-signal.com
2026-06-23 02:16:03 | src.signal_handler       | INFO  |   入场价: 0.141300
2026-06-23 02:16:03 | src.signal_handler       | INFO  | 【第2步】信号类型检查通过: LONG
2026-06-23 02:16:03 | src.exchange             | INFO  | 合约 APEUSDT 在 Binance 合约市场存在
2026-06-23 02:16:03 | src.signal_handler       | INFO  | 【第3步】自动映射 APE -> APEUSDT
2026-06-23 02:16:03 | src.signal_handler       | INFO  | 【第3步】映射 APE -> APEUSDT
2026-06-23 02:16:03 | src.exchange             | INFO  | 合约 APEUSDT 在 Binance 合约市场存在
2026-06-23 02:16:03 | src.signal_handler       | INFO  | 【第5步】合约存在检查通过
2026-06-23 02:16:03 | src.signal_handler       | INFO  | 【第6步】持仓检查通过（无持仓）
2026-06-23 02:16:04 | src.exchange             | INFO  | 合约账户 USDT 余额: 5128.18
2026-06-23 02:16:04 | src.signal_handler       | INFO  | 【第7步】账户余额: 5128.18 USDT
2026-06-23 02:16:04 | src.signal_handler       | INFO  | 【第8步A】开始市场状态分类（获取4hK线 + ADX + ATR比值）...
2026-06-23 02:16:04 | src.exchange             | INFO  | 获取 APEUSDT K线成功: 周期=4h 条数=200
2026-06-23 02:16:04 | src.exchange             | INFO  | 获取 APEUSDT K线成功: 周期=1h 条数=300
2026-06-23 02:16:04 | src.exchange             | INFO  | 获取 APEUSDT K线成功: 周期=15m 条数=300
2026-06-23 02:16:04 | src.analyzer             | INFO  | [Regime Confirmed] APEUSDT 状态正式锁固切换为: TRENDING
2026-06-23 02:16:04 | src.analyzer             | INFO  | APEUSDT [完备评估]: 状态=TRENDING(HIGH) 维持周期=0 | 评级=poor | 建议仓位=37.91% | 波动止损=3.9568%
2026-06-23 02:16:04 | src.signal_handler       | INFO  | 【第8步A】原始市场状态: TRENDING  强度=HIGH  ADX=27.27  ATR比值=0.91  EMA发散=2.41%
2026-06-23 02:16:04 | src.signal_handler       | INFO  | [REGIME UPDATE] APEUSDT TRENDING confirm=1/1（首次）
2026-06-23 02:16:04 | src.signal_handler       | INFO  | 【第8步A+】市场状态已稳定: TRENDING  强度=HIGH  confirm=1
2026-06-23 02:16:04 | src.signal_handler       | INFO  | 【第8步B】开始技术分析（获取K线 + 计算EMA/RSI/ATR）...
2026-06-23 02:16:04 | src.signal_handler       | INFO  | 【成交量过滤】APEUSDT vol=0.00 < 最低要求1.00（力度1個），跳过
2026-06-23 02:16:04 | src.web_listener         | INFO  | 检测到新报警: KMNO 第1次报警 入场价=0.020420
2026-06-23 02:16:04 | src.signal_handler       | INFO  | ========================================================
2026-06-23 02:16:04 | src.signal_handler       | INFO  | 【第1步跳过】收到信号: 币种=KMNO 类型=LONG 第1次报警 来源=yss-signal.com
2026-06-23 02:16:04 | src.signal_handler       | INFO  |   入场价: 0.020420
2026-06-23 02:16:04 | src.signal_handler       | INFO  | 【第2步】信号类型检查通过: LONG
2026-06-23 02:16:04 | src.exchange             | INFO  | 合约 KMNOUSDT 在 Binance 合约市场存在
2026-06-23 02:16:04 | src.signal_handler       | INFO  | 【第3步】自动映射 KMNO -> KMNOUSDT
2026-06-23 02:16:04 | src.signal_handler       | INFO  | 【第3步】映射 KMNO -> KMNOUSDT
2026-06-23 02:16:04 | src.exchange             | INFO  | 合约 KMNOUSDT 在 Binance 合约市场存在
2026-06-23 02:16:04 | src.signal_handler       | INFO  | 【第5步】合约存在检查通过
2026-06-23 02:16:04 | src.signal_handler       | INFO  | 【第6步】持仓检查通过（无持仓）
2026-06-23 02:16:05 | src.exchange             | INFO  | 合约账户 USDT 余额: 5128.09
2026-06-23 02:16:05 | src.signal_handler       | INFO  | 【第7步】账户余额: 5128.09 USDT
2026-06-23 02:16:05 | src.signal_handler       | INFO  | 【第8步A】开始市场状态分类（获取4hK线 + ADX + ATR比值）...
2026-06-23 02:16:05 | src.exchange             | INFO  | 获取 KMNOUSDT K线成功: 周期=4h 条数=200
2026-06-23 02:16:05 | src.exchange             | INFO  | 获取 KMNOUSDT K线成功: 周期=1h 条数=300
2026-06-23 02:16:05 | src.exchange             | INFO  | 获取 KMNOUSDT K线成功: 周期=15m 条数=300
2026-06-23 02:16:05 | src.analyzer             | INFO  | [Regime Confirmed] KMNOUSDT 状态正式锁固切换为: TRENDING
2026-06-23 02:16:05 | src.analyzer             | INFO  | KMNOUSDT [完备评估]: 状态=TRENDING(HIGH) 维持周期=0 | 评级=poor | 建议仓位=31.8% | 波动止损=4.7165%
2026-06-23 02:16:05 | src.signal_handler       | INFO  | 【第8步A】原始市场状态: TRENDING  强度=HIGH  ADX=40.44  ATR比值=1.08  EMA发散=4.56%
2026-06-23 02:16:05 | src.signal_handler       | INFO  | [REGIME UPDATE] KMNOUSDT TRENDING confirm=1/1（首次）
2026-06-23 02:16:05 | src.signal_handler       | INFO  | 【第8步A+】市场状态已稳定: TRENDING  强度=HIGH  confirm=1
2026-06-23 02:16:05 | src.signal_handler       | INFO  | 【第8步B】开始技术分析（获取K线 + 计算EMA/RSI/ATR）...
2026-06-23 02:16:05 | src.signal_handler       | INFO  | 【成交量过滤】KMNOUSDT vol=0.00 < 最低要求1.00（力度1個），跳过
2026-06-23 02:16:05 | src.web_listener         | INFO  | 检测到新报警: MEGA 第2次报警 入场价=0.058160
2026-06-23 02:16:05 | src.signal_handler       | INFO  | 【逐级加严】预警次数=2, 力度等级=1, 需confirm>=2, 成交量乘数=1.5
2026-06-23 02:16:05 | src.signal_handler       | INFO  | ========================================================
2026-06-23 02:16:05 | src.signal_handler       | INFO  | 【第1步跳过】收到信号: 币种=MEGA 类型=LONG 第2次报警 来源=yss-signal.com
2026-06-23 02:16:05 | src.signal_handler       | INFO  |   入场价: 0.058160
2026-06-23 02:16:05 | src.signal_handler       | INFO  | 【第2步】信号类型检查通过: LONG
2026-06-23 02:16:05 | src.exchange             | INFO  | 合约 MEGAUSDT 在 Binance 合约市场存在
2026-06-23 02:16:05 | src.signal_handler       | INFO  | 【第3步】自动映射 MEGA -> MEGAUSDT
2026-06-23 02:16:05 | src.signal_handler       | INFO  | 【第3步】映射 MEGA -> MEGAUSDT
2026-06-23 02:16:05 | src.exchange             | INFO  | 合约 MEGAUSDT 在 Binance 合约市场存在
2026-06-23 02:16:05 | src.signal_handler       | INFO  | 【第5步】合约存在检查通过
2026-06-23 02:16:05 | src.signal_handler       | INFO  | 【第6步】持仓检查通过（无持仓）
2026-06-23 02:16:06 | src.exchange             | INFO  | 合约账户 USDT 余额: 5128.09
2026-06-23 02:16:06 | src.signal_handler       | INFO  | 【第7步】账户余额: 5128.09 USDT
2026-06-23 02:16:06 | src.signal_handler       | INFO  | 【第8步A】开始市场状态分类（获取4hK线 + ADX + ATR比值）...
2026-06-23 02:16:06 | src.exchange             | INFO  | 获取 MEGAUSDT K线成功: 周期=4h 条数=200
2026-06-23 02:16:06 | src.exchange             | INFO  | 获取 MEGAUSDT K线成功: 周期=1h 条数=300
2026-06-23 02:16:06 | src.exchange             | INFO  | 获取 MEGAUSDT K线成功: 周期=15m 条数=300
2026-06-23 02:16:06 | src.analyzer             | INFO  | MEGAUSDT [完备评估]: 状态=RANGING(MID) 维持周期=0 | 评级=poor | 建议仓位=21.0% | 波动止损=5.0%
2026-06-23 02:16:06 | src.signal_handler       | INFO  | 【第8步A】原始市场状态: RANGING  强度=MID  ADX=12.19  ATR比值=1.21  EMA发散=0.42%
2026-06-23 02:16:06 | src.signal_handler       | INFO  | [REGIME UPDATE] MEGAUSDT RANGING confirm=2（已稳定）
2026-06-23 02:16:06 | src.signal_handler       | INFO  | 【第8步A+】市场状态已稳定: RANGING  强度=MID  confirm=2
2026-06-23 02:16:06 | src.signal_handler       | INFO  | 【第8步B】开始技术分析（获取K线 + 计算EMA/RSI/ATR）...
2026-06-23 02:16:06 | src.signal_handler       | INFO  | 【成交量过滤】MEGAUSDT vol=0.00 < 最低要求1.50（力度1個），跳过
2026-06-23 02:16:06 | src.web_listener         | INFO  | 检测到新报警: MMT 第2次报警 入场价=0.193100
2026-06-23 02:16:06 | src.signal_handler       | INFO  | 【逐级加严】预警次数=2, 力度等级=1, 需confirm>=2, 成交量乘数=1.5
2026-06-23 02:16:06 | src.signal_handler       | INFO  | ========================================================
2026-06-23 02:16:06 | src.signal_handler       | INFO  | 【第1步跳过】收到信号: 币种=MMT 类型=LONG 第2次报警 来源=yss-signal.com
2026-06-23 02:16:06 | src.signal_handler       | INFO  |   入场价: 0.193100
2026-06-23 02:16:06 | src.signal_handler       | INFO  | 【第2步】信号类型检查通过: LONG
2026-06-23 02:16:06 | src.exchange             | INFO  | 合约 MMTUSDT 在 Binance 合约市场不存在
2026-06-23 02:16:06 | src.signal_handler       | WARNING | 【第3步】未找到币种 'MMT' 的合约映射，跳过
2026-06-23 02:16:06 | src.web_listener         | INFO  | 检测到新报警: RE 第1次报警 入场价=0.961500
2026-06-23 02:16:06 | src.signal_handler       | INFO  | ========================================================
2026-06-23 02:16:06 | src.signal_handler       | INFO  | 【第1步跳过】收到信号: 币种=RE 类型=LONG 第1次报警 来源=yss-signal.com
2026-06-23 02:16:06 | src.signal_handler       | INFO  |   入场价: 0.961500
2026-06-23 02:16:06 | src.signal_handler       | INFO  | 【第2步】信号类型检查通过: LONG
2026-06-23 02:16:06 | src.exchange             | INFO  | 合约 REUSDT 在 Binance 合约市场不存在
2026-06-23 02:16:06 | src.signal_handler       | WARNING | 【第3步】未找到币种 'RE' 的合约映射，跳过
2026-06-23 02:31:00 | src.web_listener         | INFO  | 检测到新报警: KGEN 第1次报警 入场价=0.184600
2026-06-23 02:31:00 | src.signal_handler       | INFO  | ========================================================
2026-06-23 02:31:00 | src.signal_handler       | INFO  | 【第1步跳过】收到信号: 币种=KGEN 类型=LONG 第1次报警 来源=yss-signal.com
2026-06-23 02:31:00 | src.signal_handler       | INFO  |   入场价: 0.184600
2026-06-23 02:31:00 | src.signal_handler       | INFO  | 【第2步】信号类型检查通过: LONG
2026-06-23 02:31:00 | src.exchange             | INFO  | 合约 KGENUSDT 在 Binance 合约市场不存在
2026-06-23 02:31:00 | src.signal_handler       | WARNING | 【第3步】未找到币种 'KGEN' 的合约映射，跳过
2026-06-23 02:31:00 | src.web_listener         | INFO  | 检测到新报警: JTO 第1次报警 入场价=0.668200
2026-06-23 02:31:00 | src.signal_handler       | INFO  | ========================================================
2026-06-23 02:31:00 | src.signal_handler       | INFO  | 【第1步跳过】收到信号: 币种=JTO 类型=LONG 第1次报警 来源=yss-signal.com
2026-06-23 02:31:00 | src.signal_handler       | INFO  |   入场价: 0.668200
2026-06-23 02:31:00 | src.signal_handler       | INFO  | 【第2步】信号类型检查通过: LONG
2026-06-23 02:31:00 | src.exchange             | INFO  | 合约 JTOUSDT 在 Binance 合约市场存在
2026-06-23 02:31:00 | src.signal_handler       | INFO  | 【第3步】自动映射 JTO -> JTOUSDT
2026-06-23 02:31:00 | src.signal_handler       | INFO  | 【第3步】映射 JTO -> JTOUSDT
2026-06-23 02:31:00 | src.exchange             | INFO  | 合约 JTOUSDT 在 Binance 合约市场存在
2026-06-23 02:31:01 | src.signal_handler       | INFO  | 【第5步】合约存在检查通过
2026-06-23 02:31:01 | src.signal_handler       | INFO  | 【第6步】持仓检查通过（无持仓）
2026-06-23 02:31:01 | src.exchange             | INFO  | 合约账户 USDT 余额: 5125.30
2026-06-23 02:31:01 | src.signal_handler       | INFO  | 【第7步】账户余额: 5125.30 USDT
2026-06-23 02:31:01 | src.signal_handler       | INFO  | 【第8步A】开始市场状态分类（获取4hK线 + ADX + ATR比值）...
2026-06-23 02:31:01 | src.exchange             | INFO  | 获取 JTOUSDT K线成功: 周期=4h 条数=200
2026-06-23 02:31:01 | src.exchange             | INFO  | 获取 JTOUSDT K线成功: 周期=1h 条数=300
2026-06-23 02:31:01 | src.exchange             | INFO  | 获取 JTOUSDT K线成功: 周期=15m 条数=300
2026-06-23 02:31:01 | src.analyzer             | INFO  | [Regime Confirmed] JTOUSDT 状态正式锁固切换为: TRENDING
2026-06-23 02:31:01 | src.analyzer             | INFO  | JTOUSDT [完备评估]: 状态=TRENDING(HIGH) 维持周期=0 | 评级=poor | 建议仓位=30.0% | 波动止损=5.0%
2026-06-23 02:31:01 | src.signal_handler       | INFO  | 【第8步A】原始市场状态: TRENDING  强度=HIGH  ADX=21.96  ATR比值=1.4  EMA发散=0.23%
2026-06-23 02:31:01 | src.signal_handler       | INFO  | [REGIME UPDATE] JTOUSDT TRENDING confirm=1/1（首次）
2026-06-23 02:31:01 | src.signal_handler       | INFO  | 【第8步A+】市场状态已稳定: TRENDING  强度=HIGH  confirm=1
2026-06-23 02:31:01 | src.signal_handler       | INFO  | 【第8步B】开始技术分析（获取K线 + 计算EMA/RSI/ATR）...
2026-06-23 02:31:01 | src.signal_handler       | INFO  | 【成交量过滤】JTOUSDT vol=0.00 < 最低要求1.00（力度1個），跳过
2026-06-23 02:31:01 | src.web_listener         | INFO  | 检测到新报警: BASED 第1次报警 入场价=0.093970
2026-06-23 02:31:01 | src.signal_handler       | INFO  | ========================================================
2026-06-23 02:31:01 | src.signal_handler       | INFO  | 【第1步跳过】收到信号: 币种=BASED 类型=LONG 第1次报警 来源=yss-signal.com
2026-06-23 02:31:01 | src.signal_handler       | INFO  |   入场价: 0.093970
2026-06-23 02:31:01 | src.signal_handler       | INFO  | 【第2步】信号类型检查通过: LONG
2026-06-23 02:31:01 | src.exchange             | INFO  | 合约 BASEDUSDT 在 Binance 合约市场不存在
2026-06-23 02:31:01 | src.signal_handler       | WARNING | 【第3步】未找到币种 'BASED' 的合约映射，跳过
2026-06-23 02:31:01 | src.web_listener         | INFO  | 检测到新报警: MEGA 第3次报警 入场价=0.058160
2026-06-23 02:31:01 | src.signal_handler       | INFO  | 【逐级加严】预警次数=3, 力度等级=1, 需confirm>=2, 成交量乘数=1.5
2026-06-23 02:31:01 | src.signal_handler       | INFO  | ========================================================
2026-06-23 02:31:01 | src.signal_handler       | INFO  | 【第1步跳过】收到信号: 币种=MEGA 类型=LONG 第3次报警 来源=yss-signal.com
2026-06-23 02:31:01 | src.signal_handler       | INFO  |   入场价: 0.058160
2026-06-23 02:31:01 | src.signal_handler       | INFO  | 【第2步】信号类型检查通过: LONG
2026-06-23 02:31:01 | src.exchange             | INFO  | 合约 MEGAUSDT 在 Binance 合约市场存在
2026-06-23 02:31:01 | src.signal_handler       | INFO  | 【第3步】自动映射 MEGA -> MEGAUSDT
2026-06-23 02:31:01 | src.signal_handler       | INFO  | 【第3步】映射 MEGA -> MEGAUSDT
2026-06-23 02:31:02 | src.exchange             | INFO  | 合约 MEGAUSDT 在 Binance 合约市场存在
2026-06-23 02:31:02 | src.signal_handler       | INFO  | 【第5步】合约存在检查通过
2026-06-23 02:31:02 | src.signal_handler       | INFO  | 【第6步】持仓检查通过（无持仓）
2026-06-23 02:31:02 | src.exchange             | INFO  | 合约账户 USDT 余额: 5125.30
2026-06-23 02:31:02 | src.signal_handler       | INFO  | 【第7步】账户余额: 5125.30 USDT
2026-06-23 02:31:02 | src.signal_handler       | INFO  | 【第8步A】开始市场状态分类（获取4hK线 + ADX + ATR比值）...
2026-06-23 02:31:02 | src.exchange             | INFO  | 获取 MEGAUSDT K线成功: 周期=4h 条数=200
2026-06-23 02:31:02 | src.exchange             | INFO  | 获取 MEGAUSDT K线成功: 周期=1h 条数=300
2026-06-23 02:31:02 | src.exchange             | INFO  | 获取 MEGAUSDT K线成功: 周期=15m 条数=300
2026-06-23 02:31:02 | src.analyzer             | INFO  | MEGAUSDT [完备评估]: 状态=RANGING(MID) 维持周期=0 | 评级=poor | 建议仓位=21.0% | 波动止损=5.0%
2026-06-23 02:31:02 | src.signal_handler       | INFO  | 【第8步A】原始市场状态: RANGING  强度=MID  ADX=12.31  ATR比值=1.22  EMA发散=0.46%
2026-06-23 02:31:02 | src.signal_handler       | INFO  | [REGIME UPDATE] MEGAUSDT RANGING confirm=3（已稳定）
2026-06-23 02:31:02 | src.signal_handler       | INFO  | 【第8步A+】市场状态已稳定: RANGING  强度=MID  confirm=3
2026-06-23 02:31:02 | src.signal_handler       | INFO  | 【第8步B】开始技术分析（获取K线 + 计算EMA/RSI/ATR）...
2026-06-23 02:31:02 | src.signal_handler       | INFO  | 【成交量过滤】MEGAUSDT vol=0.00 < 最低要求1.50（力度1個），跳过
2026-06-23 02:31:02 | src.web_listener         | INFO  | 检测到新报警: STG 第3次报警 入场价=0.216500
2026-06-23 02:31:02 | src.signal_handler       | INFO  | 【逐级加严】预警次数=3, 力度等级=1, 需confirm>=2, 成交量乘数=1.5
2026-06-23 02:31:02 | src.signal_handler       | INFO  | ========================================================
2026-06-23 02:31:02 | src.signal_handler       | INFO  | 【第1步跳过】收到信号: 币种=STG 类型=LONG 第3次报警 来源=yss-signal.com
2026-06-23 02:31:02 | src.signal_handler       | INFO  |   入场价: 0.216500
2026-06-23 02:31:02 | src.signal_handler       | INFO  | 【第2步】信号类型检查通过: LONG
2026-06-23 02:31:02 | src.exchange             | INFO  | 合约 STGUSDT 在 Binance 合约市场存在
2026-06-23 02:31:02 | src.signal_handler       | INFO  | 【第3步】自动映射 STG -> STGUSDT
2026-06-23 02:31:02 | src.signal_handler       | INFO  | 【第3步】映射 STG -> STGUSDT
2026-06-23 02:31:03 | src.exchange             | INFO  | 合约 STGUSDT 在 Binance 合约市场存在
2026-06-23 02:31:03 | src.signal_handler       | INFO  | 【第5步】合约存在检查通过
2026-06-23 02:31:03 | src.signal_handler       | INFO  | 【第6步】持仓检查通过（无持仓）
2026-06-23 02:31:03 | src.exchange             | INFO  | 合约账户 USDT 余额: 5125.30
2026-06-23 02:31:03 | src.signal_handler       | INFO  | 【第7步】账户余额: 5125.30 USDT
2026-06-23 02:31:03 | src.signal_handler       | INFO  | 【第8步A】开始市场状态分类（获取4hK线 + ADX + ATR比值）...
2026-06-23 02:31:03 | src.exchange             | INFO  | 获取 STGUSDT K线成功: 周期=4h 条数=200
2026-06-23 02:31:03 | src.exchange             | INFO  | 获取 STGUSDT K线成功: 周期=1h 条数=300
2026-06-23 02:31:03 | src.exchange             | INFO  | 获取 STGUSDT K线成功: 周期=15m 条数=300
2026-06-23 02:31:03 | src.analyzer             | INFO  | STGUSDT [完备评估]: 状态=TRENDING(HIGH) 维持周期=0 | 评级=poor | 建议仓位=30.0% | 波动止损=5.0%
2026-06-23 02:31:03 | src.signal_handler       | INFO  | 【第8步A】原始市场状态: TRENDING  强度=HIGH  ADX=17.15  ATR比值=0.61  EMA发散=11.23%
2026-06-23 02:31:03 | src.signal_handler       | INFO  | [REGIME UPDATE] STGUSDT TRENDING confirm=2（已稳定）
2026-06-23 02:31:03 | src.signal_handler       | INFO  | 【第8步A+】市场状态已稳定: TRENDING  强度=HIGH  confirm=2
2026-06-23 02:31:03 | src.signal_handler       | INFO  | 【第8步B】开始技术分析（获取K线 + 计算EMA/RSI/ATR）...
2026-06-23 02:31:03 | src.signal_handler       | INFO  | 【成交量过滤】STGUSDT vol=0.00 < 最低要求1.50（力度1個），跳过
2026-06-23 02:31:03 | src.web_listener         | INFO  | 检测到新报警: TURBO 第1次报警 入场价=0.000908
2026-06-23 02:31:03 | src.signal_handler       | INFO  | ========================================================
2026-06-23 02:31:03 | src.signal_handler       | INFO  | 【第1步跳过】收到信号: 币种=TURBO 类型=LONG 第1次报警 来源=yss-signal.com
2026-06-23 02:31:03 | src.signal_handler       | INFO  |   入场价: 0.000908
2026-06-23 02:31:03 | src.signal_handler       | INFO  | 【第2步】信号类型检查通过: LONG
2026-06-23 02:31:03 | src.exchange             | INFO  | 合约 TURBOUSDT 在 Binance 合约市场存在
2026-06-23 02:31:03 | src.signal_handler       | INFO  | 【第3步】自动映射 TURBO -> TURBOUSDT
2026-06-23 02:31:03 | src.signal_handler       | INFO  | 【第3步】映射 TURBO -> TURBOUSDT
2026-06-23 02:31:04 | src.exchange             | INFO  | 合约 TURBOUSDT 在 Binance 合约市场存在
2026-06-23 02:31:04 | src.signal_handler       | INFO  | 【第5步】合约存在检查通过
2026-06-23 02:31:04 | src.signal_handler       | INFO  | 【第6步】持仓检查通过（无持仓）
2026-06-23 02:31:04 | src.exchange             | INFO  | 合约账户 USDT 余额: 5125.32
2026-06-23 02:31:04 | src.signal_handler       | INFO  | 【第7步】账户余额: 5125.32 USDT
2026-06-23 02:31:04 | src.signal_handler       | INFO  | 【第8步A】开始市场状态分类（获取4hK线 + ADX + ATR比值）...
2026-06-23 02:31:04 | src.exchange             | INFO  | 获取 TURBOUSDT K线成功: 周期=4h 条数=200
2026-06-23 02:31:04 | src.exchange             | INFO  | 获取 TURBOUSDT K线成功: 周期=1h 条数=300
2026-06-23 02:31:04 | src.exchange             | INFO  | 获取 TURBOUSDT K线成功: 周期=15m 条数=300
2026-06-23 02:31:04 | src.analyzer             | INFO  | TURBOUSDT [完备评估]: 状态=RANGING(HIGH) 维持周期=0 | 评级=poor | 建议仓位=28.43% | 波动止损=3.6932%
2026-06-23 02:31:04 | src.signal_handler       | INFO  | 【第8步A】原始市场状态: RANGING  强度=HIGH  ADX=15.27  ATR比值=0.79  EMA发散=0.22%
2026-06-23 02:31:04 | src.signal_handler       | INFO  | [REGIME UPDATE] TURBOUSDT RANGING confirm=1/1（首次）
2026-06-23 02:31:04 | src.signal_handler       | INFO  | 【第8步A+】市场状态已稳定: RANGING  强度=HIGH  confirm=1
2026-06-23 02:31:04 | src.signal_handler       | INFO  | 【第8步B】开始技术分析（获取K线 + 计算EMA/RSI/ATR）...
2026-06-23 02:31:04 | src.signal_handler       | INFO  | 【成交量过滤】TURBOUSDT vol=0.00 < 最低要求1.00（力度1個），跳过
2026-06-23 02:46:00 | src.web_listener         | INFO  | 检测到新报警: ON 第1次报警 入场价=0.084840
2026-06-23 02:46:00 | src.signal_handler       | INFO  | ========================================================
2026-06-23 02:46:00 | src.signal_handler       | INFO  | 【第1步跳过】收到信号: 币种=ON 类型=LONG 第1次报警 来源=yss-signal.com
2026-06-23 02:46:00 | src.signal_handler       | INFO  |   入场价: 0.084840
2026-06-23 02:46:00 | src.signal_handler       | INFO  | 【第2步】信号类型检查通过: LONG
2026-06-23 02:46:01 | src.exchange             | INFO  | 合约 ONUSDT 在 Binance 合约市场存在
2026-06-23 02:46:01 | src.signal_handler       | INFO  | 【第3步】自动映射 ON -> ONUSDT
2026-06-23 02:46:01 | src.signal_handler       | INFO  | 【第3步】映射 ON -> ONUSDT
2026-06-23 02:46:01 | src.exchange             | INFO  | 合约 ONUSDT 在 Binance 合约市场存在
2026-06-23 02:46:01 | src.signal_handler       | INFO  | 【第5步】合约存在检查通过
2026-06-23 02:46:01 | src.signal_handler       | INFO  | 【第6步】持仓检查通过（无持仓）
2026-06-23 02:46:01 | src.exchange             | INFO  | 合约账户 USDT 余额: 5126.07
2026-06-23 02:46:01 | src.signal_handler       | INFO  | 【第7步】账户余额: 5126.07 USDT
2026-06-23 02:46:01 | src.signal_handler       | INFO  | 【第8步A】开始市场状态分类（获取4hK线 + ADX + ATR比值）...
2026-06-23 02:46:02 | src.exchange             | INFO  | 获取 ONUSDT K线成功: 周期=4h 条数=200
2026-06-23 02:46:02 | src.exchange             | INFO  | 获取 ONUSDT K线成功: 周期=1h 条数=300
2026-06-23 02:46:02 | src.exchange             | INFO  | 获取 ONUSDT K线成功: 周期=15m 条数=300
2026-06-23 02:46:02 | src.analyzer             | INFO  | [Regime Confirmed] ONUSDT 状态正式锁固切换为: TRENDING
2026-06-23 02:46:02 | src.analyzer             | INFO  | ONUSDT [完备评估]: 状态=TRENDING(HIGH) 维持周期=0 | 评级=poor | 建议仓位=30.0% | 波动止损=5.0%
2026-06-23 02:46:02 | src.signal_handler       | INFO  | 【第8步A】原始市场状态: TRENDING  强度=HIGH  ADX=27.22  ATR比值=0.84  EMA发散=0.72%
2026-06-23 02:46:02 | src.signal_handler       | INFO  | [REGIME UPDATE] ONUSDT TRENDING confirm=1/1（首次）
2026-06-23 02:46:02 | src.signal_handler       | INFO  | 【第8步A+】市场状态已稳定: TRENDING  强度=HIGH  confirm=1
2026-06-23 02:46:02 | src.signal_handler       | INFO  | 【第8步B】开始技术分析（获取K线 + 计算EMA/RSI/ATR）...
2026-06-23 02:46:02 | src.signal_handler       | INFO  | 【成交量过滤】ONUSDT vol=0.00 < 最低要求1.00（力度1個），跳过
2026-06-23 02:46:02 | src.web_listener         | INFO  | 检测到新报警: SYRUP 第1次报警 入场价=0.142660
2026-06-23 02:46:02 | src.signal_handler       | INFO  | ========================================================
2026-06-23 02:46:02 | src.signal_handler       | INFO  | 【第1步跳过】收到信号: 币种=SYRUP 类型=LONG 第1次报警 来源=yss-signal.com
2026-06-23 02:46:02 | src.signal_handler       | INFO  |   入场价: 0.142660
2026-06-23 02:46:02 | src.signal_handler       | INFO  | 【第2步】信号类型检查通过: LONG
2026-06-23 02:46:02 | src.exchange             | INFO  | 合约 SYRUPUSDT 在 Binance 合约市场存在
2026-06-23 02:46:02 | src.signal_handler       | INFO  | 【第3步】自动映射 SYRUP -> SYRUPUSDT
2026-06-23 02:46:02 | src.signal_handler       | INFO  | 【第3步】映射 SYRUP -> SYRUPUSDT
2026-06-23 02:46:02 | src.exchange             | INFO  | 合约 SYRUPUSDT 在 Binance 合约市场存在
2026-06-23 02:46:02 | src.signal_handler       | INFO  | 【第5步】合约存在检查通过
2026-06-23 02:46:02 | src.signal_handler       | INFO  | 【第6步】持仓检查通过（无持仓）
2026-06-23 02:46:02 | src.exchange             | INFO  | 合约账户 USDT 余额: 5127.70
2026-06-23 02:46:02 | src.signal_handler       | INFO  | 【第7步】账户余额: 5127.70 USDT
2026-06-23 02:46:02 | src.signal_handler       | INFO  | 【第8步A】开始市场状态分类（获取4hK线 + ADX + ATR比值）...
2026-06-23 02:46:03 | src.exchange             | INFO  | 获取 SYRUPUSDT K线成功: 周期=4h 条数=200
2026-06-23 02:46:03 | src.exchange             | INFO  | 获取 SYRUPUSDT K线成功: 周期=1h 条数=300
2026-06-23 02:46:03 | src.exchange             | INFO  | 获取 SYRUPUSDT K线成功: 周期=15m 条数=300
2026-06-23 02:46:03 | src.analyzer             | INFO  | SYRUPUSDT [完备评估]: 状态=RANGING(HIGH) 维持周期=0 | 评级=poor | 建议仓位=37.72% | 波动止损=2.7837%
2026-06-23 02:46:03 | src.signal_handler       | INFO  | 【第8步A】原始市场状态: RANGING  强度=HIGH  ADX=15.14  ATR比值=0.56  EMA发散=0.06%
2026-06-23 02:46:03 | src.signal_handler       | INFO  | [REGIME UPDATE] SYRUPUSDT RANGING confirm=1/1（首次）
2026-06-23 02:46:03 | src.signal_handler       | INFO  | 【第8步A+】市场状态已稳定: RANGING  强度=HIGH  confirm=1
2026-06-23 02:46:03 | src.signal_handler       | INFO  | 【第8步B】开始技术分析（获取K线 + 计算EMA/RSI/ATR）...
2026-06-23 02:46:03 | src.signal_handler       | INFO  | 【成交量过滤】SYRUPUSDT vol=0.00 < 最低要求1.00（力度1個），跳过
2026-06-23 02:46:03 | src.web_listener         | INFO  | 检测到新报警: MEGA 第4次报警 入场价=0.058160
2026-06-23 02:46:03 | src.signal_handler       | INFO  | 【逐级加严】预警次数=4, 力度等级=1, 需confirm>=2, 成交量乘数=1.5
2026-06-23 02:46:03 | src.signal_handler       | INFO  | ========================================================
2026-06-23 02:46:03 | src.signal_handler       | INFO  | 【第1步跳过】收到信号: 币种=MEGA 类型=LONG 第4次报警 来源=yss-signal.com
2026-06-23 02:46:03 | src.signal_handler       | INFO  |   入场价: 0.058160
2026-06-23 02:46:03 | src.signal_handler       | INFO  | 【第2步】信号类型检查通过: LONG
2026-06-23 02:46:03 | src.exchange             | INFO  | 合约 MEGAUSDT 在 Binance 合约市场存在
2026-06-23 02:46:03 | src.signal_handler       | INFO  | 【第3步】自动映射 MEGA -> MEGAUSDT
2026-06-23 02:46:03 | src.signal_handler       | INFO  | 【第3步】映射 MEGA -> MEGAUSDT
2026-06-23 02:46:03 | src.exchange             | INFO  | 合约 MEGAUSDT 在 Binance 合约市场存在
2026-06-23 02:46:03 | src.signal_handler       | INFO  | 【第5步】合约存在检查通过
2026-06-23 02:46:03 | src.signal_handler       | INFO  | 【第6步】持仓检查通过（无持仓）
2026-06-23 02:46:03 | src.exchange             | INFO  | 合约账户 USDT 余额: 5127.70
2026-06-23 02:46:03 | src.signal_handler       | INFO  | 【第7步】账户余额: 5127.70 USDT
2026-06-23 02:46:03 | src.signal_handler       | INFO  | 【第8步A】开始市场状态分类（获取4hK线 + ADX + ATR比值）...
2026-06-23 02:46:04 | src.exchange             | INFO  | 获取 MEGAUSDT K线成功: 周期=4h 条数=200
2026-06-23 02:46:04 | src.exchange             | INFO  | 获取 MEGAUSDT K线成功: 周期=1h 条数=300
2026-06-23 02:46:04 | src.exchange             | INFO  | 获取 MEGAUSDT K线成功: 周期=15m 条数=300
2026-06-23 02:46:04 | src.analyzer             | INFO  | MEGAUSDT [完备评估]: 状态=RANGING(MID) 维持周期=0 | 评级=poor | 建议仓位=21.0% | 波动止损=5.0%
2026-06-23 02:46:04 | src.signal_handler       | INFO  | 【第8步A】原始市场状态: RANGING  强度=MID  ADX=12.39  ATR比值=1.23  EMA发散=0.47%
2026-06-23 02:46:04 | src.signal_handler       | INFO  | [REGIME UPDATE] MEGAUSDT RANGING confirm=4（已稳定）
2026-06-23 02:46:04 | src.signal_handler       | INFO  | 【第8步A+】市场状态已稳定: RANGING  强度=MID  confirm=4
2026-06-23 02:46:04 | src.signal_handler       | INFO  | 【第8步B】开始技术分析（获取K线 + 计算EMA/RSI/ATR）...
2026-06-23 02:46:04 | src.signal_handler       | INFO  | 【成交量过滤】MEGAUSDT vol=0.00 < 最低要求1.50（力度1個），跳过
2026-06-23 02:46:04 | src.web_listener         | INFO  | 检测到新报警: INX 第1次报警 入场价=0.008315
2026-06-23 02:46:04 | src.signal_handler       | INFO  | ========================================================
2026-06-23 02:46:04 | src.signal_handler       | INFO  | 【第1步跳过】收到信号: 币种=INX 类型=LONG 第1次报警 来源=yss-signal.com
2026-06-23 02:46:04 | src.signal_handler       | INFO  |   入场价: 0.008315
2026-06-23 02:46:04 | src.signal_handler       | INFO  | 【第2步】信号类型检查通过: LONG
2026-06-23 02:46:04 | src.exchange             | INFO  | 合约 INXUSDT 在 Binance 合约市场存在
2026-06-23 02:46:04 | src.signal_handler       | INFO  | 【第3步】自动映射 INX -> INXUSDT
2026-06-23 02:46:04 | src.signal_handler       | INFO  | 【第3步】映射 INX -> INXUSDT
2026-06-23 02:46:04 | src.exchange             | INFO  | 合约 INXUSDT 在 Binance 合约市场存在
2026-06-23 02:46:04 | src.signal_handler       | INFO  | 【第5步】合约存在检查通过
2026-06-23 02:46:04 | src.signal_handler       | INFO  | 【第6步】持仓检查通过（无持仓）
2026-06-23 02:46:04 | src.exchange             | INFO  | 合约账户 USDT 余额: 5127.70
2026-06-23 02:46:04 | src.signal_handler       | INFO  | 【第7步】账户余额: 5127.70 USDT
2026-06-23 02:46:04 | src.signal_handler       | INFO  | 【第8步A】开始市场状态分类（获取4hK线 + ADX + ATR比值）...
2026-06-23 02:46:05 | src.exchange             | INFO  | 获取 INXUSDT K线成功: 周期=4h 条数=200
2026-06-23 02:46:05 | src.exchange             | INFO  | 获取 INXUSDT K线成功: 周期=1h 条数=300
2026-06-23 02:46:05 | src.exchange             | INFO  | 获取 INXUSDT K线成功: 周期=15m 条数=300
2026-06-23 02:46:05 | src.analyzer             | INFO  | [Regime Confirmed] INXUSDT 状态正式锁固切换为: TRENDING
2026-06-23 02:46:05 | src.analyzer             | INFO  | INXUSDT [完备评估]: 状态=TRENDING(HIGH) 维持周期=0 | 评级=poor | 建议仓位=30.0% | 波动止损=5.0%
2026-06-23 02:46:05 | src.signal_handler       | INFO  | 【第8步A】原始市场状态: TRENDING  强度=HIGH  ADX=15.07  ATR比值=0.94  EMA发散=0.53%
2026-06-23 02:46:05 | src.signal_handler       | INFO  | [REGIME UPDATE] INXUSDT TRENDING confirm=1/1（首次）
2026-06-23 02:46:05 | src.signal_handler       | INFO  | 【第8步A+】市场状态已稳定: TRENDING  强度=HIGH  confirm=1
2026-06-23 02:46:05 | src.signal_handler       | INFO  | 【第8步B】开始技术分析（获取K线 + 计算EMA/RSI/ATR）...
2026-06-23 02:46:05 | src.signal_handler       | INFO  | 【成交量过滤】INXUSDT vol=0.00 < 最低要求1.00（力度1個），跳过
2026-06-23 02:46:05 | src.web_listener         | INFO  | 检测到新报警: BLESS 第1次报警 入场价=0.010732
2026-06-23 02:46:05 | src.signal_handler       | INFO  | ========================================================
2026-06-23 02:46:05 | src.signal_handler       | INFO  | 【第1步跳过】收到信号: 币种=BLESS 类型=LONG 第1次报警 来源=yss-signal.com
2026-06-23 02:46:05 | src.signal_handler       | INFO  |   入场价: 0.010732
2026-06-23 02:46:05 | src.signal_handler       | INFO  | 【第2步】信号类型检查通过: LONG
2026-06-23 02:46:05 | src.exchange             | INFO  | 合约 BLESSUSDT 在 Binance 合约市场存在
2026-06-23 02:46:05 | src.signal_handler       | INFO  | 【第3步】自动映射 BLESS -> BLESSUSDT
2026-06-23 02:46:05 | src.signal_handler       | INFO  | 【第3步】映射 BLESS -> BLESSUSDT
2026-06-23 02:46:05 | src.exchange             | INFO  | 合约 BLESSUSDT 在 Binance 合约市场存在
2026-06-23 02:46:05 | src.signal_handler       | INFO  | 【第5步】合约存在检查通过
2026-06-23 02:46:05 | src.signal_handler       | INFO  | 【第6步】持仓检查通过（无持仓）
2026-06-23 02:46:05 | src.exchange             | INFO  | 合约账户 USDT 余额: 5128.07
2026-06-23 02:46:05 | src.signal_handler       | INFO  | 【第7步】账户余额: 5128.07 USDT
2026-06-23 02:46:05 | src.signal_handler       | INFO  | 【第8步A】开始市场状态分类（获取4hK线 + ADX + ATR比值）...
2026-06-23 02:46:06 | src.exchange             | INFO  | 获取 BLESSUSDT K线成功: 周期=4h 条数=200
2026-06-23 02:46:06 | src.exchange             | INFO  | 获取 BLESSUSDT K线成功: 周期=1h 条数=300
2026-06-23 02:46:06 | src.exchange             | INFO  | 获取 BLESSUSDT K线成功: 周期=15m 条数=300
2026-06-23 02:46:06 | src.analyzer             | INFO  | [Regime Confirmed] BLESSUSDT 状态正式锁固切换为: TRENDING
2026-06-23 02:46:06 | src.analyzer             | INFO  | BLESSUSDT [完备评估]: 状态=TRENDING(HIGH) 维持周期=0 | 评级=poor | 建议仓位=30.0% | 波动止损=5.0%
2026-06-23 02:46:06 | src.signal_handler       | INFO  | 【第8步A】原始市场状态: TRENDING  强度=HIGH  ADX=49.18  ATR比值=2.99  EMA发散=11.02%
2026-06-23 02:46:06 | src.signal_handler       | INFO  | [REGIME UPDATE] BLESSUSDT TRENDING confirm=1/1（首次）
2026-06-23 02:46:06 | src.signal_handler       | INFO  | 【第8步A+】市场状态已稳定: TRENDING  强度=HIGH  confirm=1
2026-06-23 02:46:06 | src.signal_handler       | INFO  | 【第8步B】开始技术分析（获取K线 + 计算EMA/RSI/ATR）...
2026-06-23 02:46:06 | src.signal_handler       | INFO  | 【成交量过滤】BLESSUSDT vol=0.00 < 最低要求1.00（力度1個），跳过
2026-06-23 02:46:06 | src.web_listener         | INFO  | 检测到新报警: BASED 第2次报警 入场价=0.093970
2026-06-23 02:46:06 | src.signal_handler       | INFO  | 【逐级加严】预警次数=2, 力度等级=1, 需confirm>=2, 成交量乘数=1.5
2026-06-23 02:46:06 | src.signal_handler       | INFO  | ========================================================
2026-06-23 02:46:06 | src.signal_handler       | INFO  | 【第1步跳过】收到信号: 币种=BASED 类型=LONG 第2次报警 来源=yss-signal.com
2026-06-23 02:46:06 | src.signal_handler       | INFO  |   入场价: 0.093970
2026-06-23 02:46:06 | src.signal_handler       | INFO  | 【第2步】信号类型检查通过: LONG
2026-06-23 02:46:06 | src.exchange             | INFO  | 合约 BASEDUSDT 在 Binance 合约市场不存在
2026-06-23 02:46:06 | src.signal_handler       | WARNING | 【第3步】未找到币种 'BASED' 的合约映射，跳过
2026-06-23 02:46:06 | src.web_listener         | INFO  | 检测到新报警: TURBO 第2次报警 入场价=0.000908
2026-06-23 02:46:06 | src.signal_handler       | INFO  | 【逐级加严】预警次数=2, 力度等级=1, 需confirm>=2, 成交量乘数=1.5
2026-06-23 02:46:06 | src.signal_handler       | INFO  | ========================================================
2026-06-23 02:46:06 | src.signal_handler       | INFO  | 【第1步跳过】收到信号: 币种=TURBO 类型=LONG 第2次报警 来源=yss-signal.com
2026-06-23 02:46:06 | src.signal_handler       | INFO  |   入场价: 0.000908
2026-06-23 02:46:06 | src.signal_handler       | INFO  | 【第2步】信号类型检查通过: LONG
2026-06-23 02:46:06 | src.exchange             | INFO  | 合约 TURBOUSDT 在 Binance 合约市场存在
2026-06-23 02:46:06 | src.signal_handler       | INFO  | 【第3步】自动映射 TURBO -> TURBOUSDT
2026-06-23 02:46:06 | src.signal_handler       | INFO  | 【第3步】映射 TURBO -> TURBOUSDT
2026-06-23 02:46:06 | src.exchange             | INFO  | 合约 TURBOUSDT 在 Binance 合约市场存在
2026-06-23 02:46:06 | src.signal_handler       | INFO  | 【第5步】合约存在检查通过
2026-06-23 02:46:06 | src.signal_handler       | INFO  | 【第6步】持仓检查通过（无持仓）
2026-06-23 02:46:07 | src.exchange             | INFO  | 合约账户 USDT 余额: 5128.07
2026-06-23 02:46:07 | src.signal_handler       | INFO  | 【第7步】账户余额: 5128.07 USDT
2026-06-23 02:46:07 | src.signal_handler       | INFO  | 【第8步A】开始市场状态分类（获取4hK线 + ADX + ATR比值）...
2026-06-23 02:46:07 | src.exchange             | INFO  | 获取 TURBOUSDT K线成功: 周期=4h 条数=200
2026-06-23 02:46:07 | src.exchange             | INFO  | 获取 TURBOUSDT K线成功: 周期=1h 条数=300
2026-06-23 02:46:07 | src.exchange             | INFO  | 获取 TURBOUSDT K线成功: 周期=15m 条数=300
2026-06-23 02:46:07 | src.analyzer             | INFO  | TURBOUSDT [完备评估]: 状态=RANGING(HIGH) 维持周期=0 | 评级=poor | 建议仓位=27.28% | 波动止损=3.8492%
2026-06-23 02:46:07 | src.signal_handler       | INFO  | 【第8步A】原始市场状态: RANGING  强度=HIGH  ADX=15.78  ATR比值=0.82  EMA发散=0.20%
2026-06-23 02:46:07 | src.signal_handler       | INFO  | [REGIME UPDATE] TURBOUSDT RANGING confirm=2（已稳定）
2026-06-23 02:46:07 | src.signal_handler       | INFO  | 【第8步A+】市场状态已稳定: RANGING  强度=HIGH  confirm=2
2026-06-23 02:46:07 | src.signal_handler       | INFO  | 【第8步B】开始技术分析（获取K线 + 计算EMA/RSI/ATR）...
2026-06-23 02:46:07 | src.signal_handler       | INFO  | 【成交量过滤】TURBOUSDT vol=0.00 < 最低要求1.50（力度1個），跳过
2026-06-23 02:46:07 | src.web_listener         | INFO  | 检测到新报警: LAB 第1次报警 入场价=16.086000
2026-06-23 02:46:07 | src.signal_handler       | INFO  | ========================================================
2026-06-23 02:46:07 | src.signal_handler       | INFO  | 【第1步跳过】收到信号: 币种=LAB 类型=LONG 第1次报警 来源=yss-signal.com
2026-06-23 02:46:07 | src.signal_handler       | INFO  |   入场价: 16.086000
2026-06-23 02:46:07 | src.signal_handler       | INFO  | 【第2步】信号类型检查通过: LONG
2026-06-23 02:46:07 | src.exchange             | INFO  | 合约 LABUSDT 在 Binance 合约市场存在
2026-06-23 02:46:07 | src.signal_handler       | INFO  | 【第3步】自动映射 LAB -> LABUSDT
2026-06-23 02:46:07 | src.signal_handler       | INFO  | 【第3步】映射 LAB -> LABUSDT
2026-06-23 02:46:07 | src.exchange             | INFO  | 合约 LABUSDT 在 Binance 合约市场存在
2026-06-23 02:46:07 | src.signal_handler       | INFO  | 【第5步】合约存在检查通过
2026-06-23 02:46:07 | src.signal_handler       | INFO  | 【第6步】持仓检查通过（无持仓）
2026-06-23 02:46:08 | src.exchange             | INFO  | 合约账户 USDT 余额: 5128.04
2026-06-23 02:46:08 | src.signal_handler       | INFO  | 【第7步】账户余额: 5128.04 USDT
2026-06-23 02:46:08 | src.signal_handler       | INFO  | 【第8步A】开始市场状态分类（获取4hK线 + ADX + ATR比值）...
2026-06-23 02:46:08 | src.exchange             | INFO  | 获取 LABUSDT K线成功: 周期=4h 条数=200
2026-06-23 02:46:08 | src.exchange             | INFO  | 获取 LABUSDT K线成功: 周期=1h 条数=300
2026-06-23 02:46:08 | src.exchange             | INFO  | 获取 LABUSDT K线成功: 周期=15m 条数=300
2026-06-23 02:46:08 | src.analyzer             | INFO  | [Regime Confirmed] LABUSDT 状态正式锁固切换为: TRENDING
2026-06-23 02:46:08 | src.analyzer             | INFO  | LABUSDT [完备评估]: 状态=TRENDING(HIGH) 维持周期=0 | 评级=poor | 建议仓位=30.0% | 波动止损=5.0%
2026-06-23 02:46:08 | src.signal_handler       | INFO  | 【第8步A】原始市场状态: TRENDING  强度=HIGH  ADX=28.2  ATR比值=1.72  EMA发散=7.79%
2026-06-23 02:46:08 | src.signal_handler       | INFO  | [REGIME UPDATE] LABUSDT TRENDING confirm=1/1（首次）
2026-06-23 02:46:08 | src.signal_handler       | INFO  | 【第8步A+】市场状态已稳定: TRENDING  强度=HIGH  confirm=1
2026-06-23 02:46:08 | src.signal_handler       | INFO  | 【第8步B】开始技术分析（获取K线 + 计算EMA/RSI/ATR）...
2026-06-23 02:46:08 | src.signal_handler       | INFO  | 【成交量过滤】LABUSDT vol=0.00 < 最低要求1.00（力度1個），跳过
2026-06-23 03:01:00 | src.web_listener         | INFO  | 检测到新报警: FIDA 第3次报警 入场价=0.022400
2026-06-23 03:01:00 | src.signal_handler       | INFO  | 【逐级加严】预警次数=3, 力度等级=1, 需confirm>=2, 成交量乘数=1.5
2026-06-23 03:01:00 | src.signal_handler       | INFO  | ========================================================
2026-06-23 03:01:00 | src.signal_handler       | INFO  | 【第1步跳过】收到信号: 币种=FIDA 类型=LONG 第3次报警 来源=yss-signal.com
2026-06-23 03:01:00 | src.signal_handler       | INFO  |   入场价: 0.022400
2026-06-23 03:01:00 | src.signal_handler       | INFO  | 【第2步】信号类型检查通过: LONG
2026-06-23 03:01:00 | src.exchange             | INFO  | 合约 FIDAUSDT 在 Binance 合约市场存在
2026-06-23 03:01:00 | src.signal_handler       | INFO  | 【第3步】自动映射 FIDA -> FIDAUSDT
2026-06-23 03:01:00 | src.signal_handler       | INFO  | 【第3步】映射 FIDA -> FIDAUSDT
2026-06-23 03:01:01 | src.exchange             | INFO  | 合约 FIDAUSDT 在 Binance 合约市场存在
2026-06-23 03:01:01 | src.signal_handler       | INFO  | 【第5步】合约存在检查通过
2026-06-23 03:01:01 | src.signal_handler       | INFO  | 【第6步】持仓检查通过（无持仓）
2026-06-23 03:01:01 | src.exchange             | INFO  | 合约账户 USDT 余额: 5132.43
2026-06-23 03:01:01 | src.signal_handler       | INFO  | 【第7步】账户余额: 5132.43 USDT
2026-06-23 03:01:01 | src.signal_handler       | INFO  | 【第8步A】开始市场状态分类（获取4hK线 + ADX + ATR比值）...
2026-06-23 03:01:01 | src.exchange             | INFO  | 获取 FIDAUSDT K线成功: 周期=4h 条数=200
2026-06-23 03:01:01 | src.exchange             | INFO  | 获取 FIDAUSDT K线成功: 周期=1h 条数=300
2026-06-23 03:01:01 | src.exchange             | INFO  | 获取 FIDAUSDT K线成功: 周期=15m 条数=300
2026-06-23 03:01:01 | src.analyzer             | INFO  | [Regime Confirmed] FIDAUSDT 状态正式锁固切换为: TRENDING
2026-06-23 03:01:01 | src.analyzer             | INFO  | FIDAUSDT [完备评估]: 状态=TRENDING(HIGH) 维持周期=0 | 评级=poor | 建议仓位=30.13% | 波动止损=4.9785%
2026-06-23 03:01:01 | src.signal_handler       | INFO  | 【第8步A】原始市场状态: TRENDING  强度=HIGH  ADX=21.52  ATR比值=0.62  EMA发散=2.14%
2026-06-23 03:01:01 | src.signal_handler       | INFO  | [REGIME UPDATE] FIDAUSDT TRENDING confirm=1/1（首次）
2026-06-23 03:01:01 | src.signal_handler       | INFO  | 【第8步A+】市场状态已稳定: TRENDING  强度=HIGH  confirm=1
2026-06-23 03:01:01 | src.signal_handler       | INFO  | 【第8步B】开始技术分析（获取K线 + 计算EMA/RSI/ATR）...
2026-06-23 03:01:01 | src.signal_handler       | INFO  | 【成交量过滤】FIDAUSDT vol=0.00 < 最低要求1.50（力度1個），跳过
2026-06-23 03:01:01 | src.web_listener         | INFO  | 检测到新报警: LAB 第2次报警 入场价=16.086000
2026-06-23 03:01:01 | src.signal_handler       | INFO  | 【逐级加严】预警次数=2, 力度等级=1, 需confirm>=2, 成交量乘数=1.5
2026-06-23 03:01:01 | src.signal_handler       | INFO  | ========================================================
2026-06-23 03:01:01 | src.signal_handler       | INFO  | 【第1步跳过】收到信号: 币种=LAB 类型=LONG 第2次报警 来源=yss-signal.com
2026-06-23 03:01:01 | src.signal_handler       | INFO  |   入场价: 16.086000
2026-06-23 03:01:01 | src.signal_handler       | INFO  | 【第2步】信号类型检查通过: LONG
2026-06-23 03:01:01 | src.exchange             | INFO  | 合约 LABUSDT 在 Binance 合约市场存在
2026-06-23 03:01:01 | src.signal_handler       | INFO  | 【第3步】自动映射 LAB -> LABUSDT
2026-06-23 03:01:01 | src.signal_handler       | INFO  | 【第3步】映射 LAB -> LABUSDT
2026-06-23 03:01:02 | src.exchange             | INFO  | 合约 LABUSDT 在 Binance 合约市场存在
2026-06-23 03:01:02 | src.signal_handler       | INFO  | 【第5步】合约存在检查通过
2026-06-23 03:01:02 | src.signal_handler       | INFO  | 【第6步】持仓检查通过（无持仓）
2026-06-23 03:01:02 | src.exchange             | INFO  | 合约账户 USDT 余额: 5132.43
2026-06-23 03:01:02 | src.signal_handler       | INFO  | 【第7步】账户余额: 5132.43 USDT
2026-06-23 03:01:02 | src.signal_handler       | INFO  | 【第8步A】开始市场状态分类（获取4hK线 + ADX + ATR比值）...
2026-06-23 03:01:02 | src.exchange             | INFO  | 获取 LABUSDT K线成功: 周期=4h 条数=200
2026-06-23 03:01:02 | src.exchange             | INFO  | 获取 LABUSDT K线成功: 周期=1h 条数=300
2026-06-23 03:01:02 | src.exchange             | INFO  | 获取 LABUSDT K线成功: 周期=15m 条数=300
2026-06-23 03:01:02 | src.analyzer             | INFO  | LABUSDT [完备评估]: 状态=TRENDING(HIGH) 维持周期=0 | 评级=poor | 建议仓位=30.0% | 波动止损=5.0%
2026-06-23 03:01:02 | src.signal_handler       | INFO  | 【第8步A】原始市场状态: TRENDING  强度=HIGH  ADX=28.25  ATR比值=1.73  EMA发散=7.86%
2026-06-23 03:01:02 | src.signal_handler       | INFO  | [REGIME UPDATE] LABUSDT TRENDING confirm=2（已稳定）
2026-06-23 03:01:02 | src.signal_handler       | INFO  | 【第8步A+】市场状态已稳定: TRENDING  强度=HIGH  confirm=2
2026-06-23 03:01:02 | src.signal_handler       | INFO  | 【第8步B】开始技术分析（获取K线 + 计算EMA/RSI/ATR）...
2026-06-23 03:01:02 | src.signal_handler       | INFO  | 【成交量过滤】LABUSDT vol=0.00 < 最低要求1.50（力度1個），跳过
2026-06-23 03:16:00 | src.web_listener         | INFO  | 检测到新报警: LAB 第3次报警 入场价=16.086000
2026-06-23 03:16:00 | src.signal_handler       | INFO  | 【逐级加严】预警次数=3, 力度等级=1, 需confirm>=2, 成交量乘数=1.5
2026-06-23 03:16:00 | src.signal_handler       | INFO  | ========================================================
2026-06-23 03:16:00 | src.signal_handler       | INFO  | 【第1步跳过】收到信号: 币种=LAB 类型=LONG 第3次报警 来源=yss-signal.com
2026-06-23 03:16:00 | src.signal_handler       | INFO  |   入场价: 16.086000
2026-06-23 03:16:00 | src.signal_handler       | INFO  | 【第2步】信号类型检查通过: LONG
2026-06-23 03:16:00 | src.exchange             | INFO  | 合约 LABUSDT 在 Binance 合约市场存在
2026-06-23 03:16:00 | src.signal_handler       | INFO  | 【第3步】自动映射 LAB -> LABUSDT
2026-06-23 03:16:00 | src.signal_handler       | INFO  | 【第3步】映射 LAB -> LABUSDT
2026-06-23 03:16:01 | src.exchange             | INFO  | 合约 LABUSDT 在 Binance 合约市场存在
2026-06-23 03:16:01 | src.signal_handler       | INFO  | 【第5步】合约存在检查通过
2026-06-23 03:16:01 | src.signal_handler       | INFO  | 【第6步】持仓检查通过（无持仓）
2026-06-23 03:16:01 | src.exchange             | INFO  | 合约账户 USDT 余额: 5127.12
2026-06-23 03:16:01 | src.signal_handler       | INFO  | 【第7步】账户余额: 5127.12 USDT
2026-06-23 03:16:01 | src.signal_handler       | INFO  | 【第8步A】开始市场状态分类（获取4hK线 + ADX + ATR比值）...
2026-06-23 03:16:01 | src.exchange             | INFO  | 获取 LABUSDT K线成功: 周期=4h 条数=200
2026-06-23 03:16:01 | src.exchange             | INFO  | 获取 LABUSDT K线成功: 周期=1h 条数=300
2026-06-23 03:16:01 | src.exchange             | INFO  | 获取 LABUSDT K线成功: 周期=15m 条数=300
2026-06-23 03:16:01 | src.analyzer             | INFO  | LABUSDT [完备评估]: 状态=TRENDING(HIGH) 维持周期=0 | 评级=poor | 建议仓位=30.0% | 波动止损=5.0%
2026-06-23 03:16:01 | src.signal_handler       | INFO  | 【第8步A】原始市场状态: TRENDING  强度=HIGH  ADX=28.34  ATR比值=1.74  EMA发散=7.96%
2026-06-23 03:16:01 | src.signal_handler       | INFO  | [REGIME UPDATE] LABUSDT TRENDING confirm=3（已稳定）
2026-06-23 03:16:01 | src.signal_handler       | INFO  | 【第8步A+】市场状态已稳定: TRENDING  强度=HIGH  confirm=3
2026-06-23 03:16:01 | src.signal_handler       | INFO  | 【第8步B】开始技术分析（获取K线 + 计算EMA/RSI/ATR）...
2026-06-23 03:16:01 | src.signal_handler       | INFO  | 【成交量过滤】LABUSDT vol=0.00 < 最低要求1.50（力度1個），跳过
